<?xml version="1.0" encoding="UTF-8"?>
<!-- Generated by org.testng.reporters.JUnitReportReporter -->
<testsuite hostname="Sudip-HP" name="SampleTest" tests="1" failures="0" timestamp="6 Jan 2019 08:39:39 GMT" time="0.034" errors="0">
  <testcase name="test1" time="0.034" classname="SampleTest"/>
</testsuite> <!-- SampleTest -->
